<?xml version="1.0" encoding="UTF-8"?>
<!-- Generated by org.testng.reporters.JUnitXMLReporter -->
<testsuite ignored="0" hostname="DESKTOP-O8S5GCU" failures="1" tests="3" name="Car Loan" time="0.046" errors="0" timestamp="2020-12-08T12:50:03 GMT-08:00">
  <testcase classname="com.edu.testngtest.Car_loan" name="APILoginCarLoan" time="0.005"/>
  <testcase classname="com.edu.testngtest.Car_loan" name="MobileLoginCarLoan" time="0.009"/>
  <testcase classname="com.edu.testngtest.Car_loan" name="WebLoginCarLoan" time="0.0">
    <failure type="java.lang.AssertionError" message="null">
      <![CDATA[java.lang.AssertionError: null
at com.edu.testngtest.Car_loan.WebLoginCarLoan(Car_loan.java:10)
at java.base/java.util.ArrayList.forEach(ArrayList.java:1510)
at com.intellij.rt.execution.application.AppMainV2.main(AppMainV2.java:131)
... Removed 32 stack frames]]>
    </failure>
  </testcase> <!-- WebLoginCarLoan -->
</testsuite> <!-- Car Loan -->
