<?xml version="1.0" encoding="UTF-8"?>
<!-- Generated by org.testng.reporters.JUnitXMLReporter -->
<testsuite ignored="0" hostname="DESKTOP-O8S5GCU" failures="0" tests="3" name="Home Loan" time="0.023" errors="0" timestamp="2020-12-08T12:50:03 GMT-08:00">
  <testcase classname="com.edu.testngtest.Home_loan" name="APILoginHomeLoan" time="0.001"/>
  <testcase classname="com.edu.testngtest.Home_loan" name="MobileLoginHomeLoan" time="0.001"/>
  <testcase classname="com.edu.testngtest.Home_loan" name="WebLoginHomeLoan" time="0.002"/>
</testsuite> <!-- Home Loan -->
